        -:    0:Source:que2.c
        -:    0:Graph:que2.gcno
        -:    0:Data:que2.gcda
        -:    0:Runs:1
        -:    1:#include <stdio.h>
        -:    2:
function main called 1 returned 100% blocks executed 53%
        1:    3:int main (void)
        -:    4:{
        -:    5:
        -:    6:	int i, total, num;
        -:    7:
        1:    8:	total = 0;
        -:    9:
       11:   10:	for (i = 0; i < 10; i++)
        1:   10-block  0
       11:   10-block  1
branch  0 taken 91%
branch  1 taken 9% (fallthrough)
       10:   11:		total += i;
       10:   11-block  0
        -:   12:        
        1:   13:	if (total != 45)
        1:   13-block  0
branch  0 taken 0% (fallthrough)
branch  1 taken 100%
    #####:   14:	    	printf ("Failure\n");
    %%%%%:   14-block  0
call    0 never executed
        -:   15:        else
        1:   16:	        printf ("Success\n");
        1:   16-block  0
call    0 returned 100%
        -:   17:
        1:   18:	num = 0;	
        1:   19:	switch(num) {
        1:   19-block  0
branch  0 taken 0%
branch  1 taken 0%
branch  2 taken 0%
branch  3 taken 0%
branch  4 taken 100%
    #####:   20:	case 1: printf("1");
    %%%%%:   20-block  0
call    0 never executed
    #####:   21:		break;
        -:   22:
    #####:   23:	case 2: printf("2");
    %%%%%:   23-block  0
call    0 never executed
    #####:   24:		break;
        -:   25:	
    #####:   26:	case 3: printf("3");
    %%%%%:   26-block  0
call    0 never executed
    #####:   27:		break;
        -:   28:	
    #####:   29:	case 4: printf("4");
    %%%%%:   29-block  0
call    0 never executed
    #####:   30:		break;
        -:   31:
        1:   32:	default: printf("0");
        1:   32-block  0
call    0 returned 100%
        1:   33:		break;
        -:   34:				
        -:   35:	}
        1:   36:	return 0;
        1:   36-block  0
        -:   37:}
