        -:    0:Source:que2.c
        -:    0:Graph:que2.gcno
        -:    0:Data:que2.gcda
        -:    0:Runs:1
        -:    1:#include <stdio.h>
        -:    2:
        1:    3:int main (void)
        -:    4:{
        -:    5:
        -:    6:	int i, total, num;
        -:    7:
        1:    8:	total = 0;
        -:    9:
       11:   10:	for (i = 0; i < 10; i++)
       10:   11:		total += i;
        -:   12:        
        1:   13:	if (total != 45)
    #####:   14:	    	printf ("Failure\n");
        -:   15:        else
        1:   16:	        printf ("Success\n");
        -:   17:
        1:   18:	num = 0;	
        1:   19:	switch(num) {
    #####:   20:	case 1: printf("1");
    #####:   21:		break;
        -:   22:
    #####:   23:	case 2: printf("2");
    #####:   24:		break;
        -:   25:	
    #####:   26:	case 3: printf("3");
    #####:   27:		break;
        -:   28:	
    #####:   29:	case 4: printf("4");
    #####:   30:		break;
        -:   31:
        1:   32:	default: printf("0");
        1:   33:		break;
        -:   34:				
        -:   35:	}
        1:   36:	return 0;
        -:   37:}
